<?xml version="1.0" encoding="UTF-8"?>
<robot generator="Robot 5.0.1 (Python 3.10.4 on win32)" generated="20220607 10:17:43.864" rpa="false" schemaversion="3">
<suite id="s1" name="Json Data" source="D:\Advance_Robot_Python\Robot Framework_8_Json String\json_data.robot">
<test id="s1-t1" name="Test Json data" line="20">
<kw name="Evaluate" library="BuiltIn">
<var>${data}</var>
<arg>json.loads($js_string)</arg>
<arg>json</arg>
<doc>Evaluates the given expression in Python and returns the result.</doc>
<msg timestamp="20220607 10:17:43.908" level="INFO">${data} = {'random': {'passwd_change_date': '2016-12-16T11:26:26', 'passwd_fail_count': 0, 'password': '123456789', 'status': 0, 'user_name': 'test@test.com', 'processVariables': {'processKey': 'modelTest', 'Ye...</msg>
<status status="PASS" starttime="20220607 10:17:43.898" endtime="20220607 10:17:43.908"/>
</kw>
<kw name="Log To Console" library="BuiltIn">
<arg>\n${data["random"]}\n</arg>
<doc>Logs the given message to the console.</doc>
<status status="PASS" starttime="20220607 10:17:43.908" endtime="20220607 10:17:43.911"/>
</kw>
<kw name="Log To Console" library="BuiltIn">
<arg>\n${data["random"]["processVariables"]}\n</arg>
<doc>Logs the given message to the console.</doc>
<status status="PASS" starttime="20220607 10:17:43.912" endtime="20220607 10:17:43.913"/>
</kw>
<kw name="Set To Dictionary" library="Collections">
<arg>${data["random"]["processVariables"]}</arg>
<arg>Years=2022</arg>
<arg>processKey = Automated</arg>
<doc>Adds the given ``key_value_pairs`` and ``items`` to the ``dictionary``.</doc>
<status status="PASS" starttime="20220607 10:17:43.913" endtime="20220607 10:17:43.916"/>
</kw>
<kw name="Evaluate" library="BuiltIn">
<var>${js_string}</var>
<arg>json.dumps($data)</arg>
<arg>json</arg>
<doc>Evaluates the given expression in Python and returns the result.</doc>
<msg timestamp="20220607 10:17:43.918" level="INFO">${js_string} = {"random": {"passwd_change_date": "2016-12-16T11:26:26", "passwd_fail_count": 0, "password": "123456789", "status": 0, "user_name": "test@test.com", "processVariables": {"processKey": "modelTest", "Ye...</msg>
<status status="PASS" starttime="20220607 10:17:43.916" endtime="20220607 10:17:43.918"/>
</kw>
<kw name="Log To Console" library="BuiltIn">
<arg>\n${js_string}\n</arg>
<doc>Logs the given message to the console.</doc>
<status status="PASS" starttime="20220607 10:17:43.919" endtime="20220607 10:17:43.920"/>
</kw>
<status status="PASS" starttime="20220607 10:17:43.898" endtime="20220607 10:17:43.920"/>
</test>
<status status="PASS" starttime="20220607 10:17:43.866" endtime="20220607 10:17:43.922"/>
</suite>
<statistics>
<total>
<stat pass="1" fail="0" skip="0">All Tests</stat>
</total>
<tag>
</tag>
<suite>
<stat pass="1" fail="0" skip="0" id="s1" name="Json Data">Json Data</stat>
</suite>
</statistics>
<errors>
</errors>
</robot>
